0 info it worked if it ends with ok
1 verbose cli [ 'C:\\Program Files\\nodejs\\node.exe',
1 verbose cli   'C:\\Users\\doyleca\\AppData\\Roaming\\npm\\node_modules\\npm\\bin\\npm-cli.js',
1 verbose cli   'start' ]
2 info using npm@3.10.8
3 info using node@v4.5.0
4 verbose run-script [ 'prestart', 'start', 'poststart' ]
5 info lifecycle mystery-date-nights@0.1.0~prestart: mystery-date-nights@0.1.0
6 verbose lifecycle mystery-date-nights@0.1.0~prestart: unsafe-perm in lifecycle true
7 verbose lifecycle mystery-date-nights@0.1.0~prestart: PATH: C:\Users\doyleca\AppData\Roaming\npm\node_modules\npm\bin\node-gyp-bin;C:\Users\doyleca\Dropbox\GitHub\NodeJs-Angular2-Webpack-Heroku\node_modules\.bin;C:\Windows\system32;C:\Windows;C:\Windows\System32\Wbem;C:\Program Files (x86)\Windows Kits\8.1\Windows Performance Toolkit\;C:\Program Files\Microsoft SQL Server\110\Tools\Binn\;C:\Program Files (x86)\Microsoft SDKs\TypeScript\1.0\;C:\Program Files\Microsoft\Web Platform Installer\;C:\Program Files\Python 3.5;C:\Program Files\Python 3.5\Lib\site-packages\Django-1.9-py3.5.egg\django\bin;C:\Program Files\Python 3.5\Scripts;C:\Program Files (x86)\Heroku\bin;C:\Program Files (x86)\git\cmd;C:\Program Files (x86)\Skype\Phone\;C:\Windows\System32\WindowsPowerShell\v1.0\;C:\Windows\System32\WindowsPowerShell\v1.0\;C:\Program Files\nodejs\;C:\Program Files\Git\cmd;C:\Ruby22\bin;C:\Users\doyleca\AppData\Roaming\npm;C:\Program Files (x86)\Microsoft VS Code\bin
8 verbose lifecycle mystery-date-nights@0.1.0~prestart: CWD: C:\Users\doyleca\Dropbox\GitHub\NodeJs-Angular2-Webpack-Heroku
9 silly lifecycle mystery-date-nights@0.1.0~prestart: Args: [ '/d /s /c', 'webpack' ]
10 silly lifecycle mystery-date-nights@0.1.0~prestart: Returned: code: 0  signal: null
11 info lifecycle mystery-date-nights@0.1.0~start: mystery-date-nights@0.1.0
12 verbose lifecycle mystery-date-nights@0.1.0~start: unsafe-perm in lifecycle true
13 verbose lifecycle mystery-date-nights@0.1.0~start: PATH: C:\Users\doyleca\AppData\Roaming\npm\node_modules\npm\bin\node-gyp-bin;C:\Users\doyleca\Dropbox\GitHub\NodeJs-Angular2-Webpack-Heroku\node_modules\.bin;C:\Windows\system32;C:\Windows;C:\Windows\System32\Wbem;C:\Program Files (x86)\Windows Kits\8.1\Windows Performance Toolkit\;C:\Program Files\Microsoft SQL Server\110\Tools\Binn\;C:\Program Files (x86)\Microsoft SDKs\TypeScript\1.0\;C:\Program Files\Microsoft\Web Platform Installer\;C:\Program Files\Python 3.5;C:\Program Files\Python 3.5\Lib\site-packages\Django-1.9-py3.5.egg\django\bin;C:\Program Files\Python 3.5\Scripts;C:\Program Files (x86)\Heroku\bin;C:\Program Files (x86)\git\cmd;C:\Program Files (x86)\Skype\Phone\;C:\Windows\System32\WindowsPowerShell\v1.0\;C:\Windows\System32\WindowsPowerShell\v1.0\;C:\Program Files\nodejs\;C:\Program Files\Git\cmd;C:\Ruby22\bin;C:\Users\doyleca\AppData\Roaming\npm;C:\Program Files (x86)\Microsoft VS Code\bin
14 verbose lifecycle mystery-date-nights@0.1.0~start: CWD: C:\Users\doyleca\Dropbox\GitHub\NodeJs-Angular2-Webpack-Heroku
15 silly lifecycle mystery-date-nights@0.1.0~start: Args: [ '/d /s /c',
15 silly lifecycle   'concurrently "webpack --watch" "nodemon server.js" ' ]
16 silly lifecycle mystery-date-nights@0.1.0~start: Returned: code: 3221225786  signal: null
17 info lifecycle mystery-date-nights@0.1.0~start: Failed to exec start script
18 verbose stack Error: mystery-date-nights@0.1.0 start: `concurrently "webpack --watch" "nodemon server.js" `
18 verbose stack Exit status 3221225786
18 verbose stack     at EventEmitter.<anonymous> (C:\Users\doyleca\AppData\Roaming\npm\node_modules\npm\lib\utils\lifecycle.js:255:16)
18 verbose stack     at emitTwo (events.js:87:13)
18 verbose stack     at EventEmitter.emit (events.js:172:7)
18 verbose stack     at ChildProcess.<anonymous> (C:\Users\doyleca\AppData\Roaming\npm\node_modules\npm\lib\utils\spawn.js:40:14)
18 verbose stack     at emitTwo (events.js:87:13)
18 verbose stack     at ChildProcess.emit (events.js:172:7)
18 verbose stack     at maybeClose (internal/child_process.js:829:16)
18 verbose stack     at Process.ChildProcess._handle.onexit (internal/child_process.js:211:5)
19 verbose pkgid mystery-date-nights@0.1.0
20 verbose cwd C:\Users\doyleca\Dropbox\GitHub\NodeJs-Angular2-Webpack-Heroku
21 error Windows_NT 6.1.7601
22 error argv "C:\\Program Files\\nodejs\\node.exe" "C:\\Users\\doyleca\\AppData\\Roaming\\npm\\node_modules\\npm\\bin\\npm-cli.js" "start"
23 error node v4.5.0
24 error npm  v3.10.8
25 error code ELIFECYCLE
26 error mystery-date-nights@0.1.0 start: `concurrently "webpack --watch" "nodemon server.js" `
26 error Exit status 3221225786
27 error Failed at the mystery-date-nights@0.1.0 start script 'concurrently "webpack --watch" "nodemon server.js" '.
27 error Make sure you have the latest version of node.js and npm installed.
27 error If you do, this is most likely a problem with the mystery-date-nights package,
27 error not with npm itself.
27 error Tell the author that this fails on your system:
27 error     concurrently "webpack --watch" "nodemon server.js"
27 error You can get information on how to open an issue for this project with:
27 error     npm bugs mystery-date-nights
27 error Or if that isn't available, you can get their info via:
27 error     npm owner ls mystery-date-nights
27 error There is likely additional logging output above.
28 verbose exit [ 1, true ]
